<?xml version="1.0" encoding="UTF-8"?>
<!-- Generated by org.testng.reporters.JUnitReportReporter -->
<testsuite skipped="0" hostname="DESKTOP-B2220QC" name="testClass_pacakge.TestClass" tests="2" failures="0" timestamp="29 Oct 2020 15:33:07 GMT" time="35.714" errors="0">
  <testcase name="verifyorder" time="16.855" classname="testClass_pacakge.TestClass"/>
  <testcase name="verifydashboard" time="18.859" classname="testClass_pacakge.TestClass"/>
</testsuite> <!-- testClass_pacakge.TestClass -->
